Arguments: 
  /usr/bin/node /usr/bin/yarn global dir --json

PATH: 
  /home/pedro/.local/bin:/usr/local/bin:/usr/bin:/bin:/usr/local/sbin:/usr/lib/jvm/default/bin:/usr/bin/site_perl:/usr/bin/vendor_perl:/usr/bin/core_perl:/var/lib/snapd/snap/bin

Yarn version: 
  1.22.19

Node version: 
  20.2.0

Platform: 
  linux x64

Trace: 
  SyntaxError: /home/pedro/Documentos/nestjs-advanced-training/package.json: Unexpected non-whitespace character after JSON at position 1395
      at JSON.parse (<anonymous>)
      at /usr/lib/node_modules/yarn/lib/cli.js:1629:59
      at Generator.next (<anonymous>)
      at step (/usr/lib/node_modules/yarn/lib/cli.js:310:30)
      at /usr/lib/node_modules/yarn/lib/cli.js:321:13

npm manifest: 
  {
    "name": "root",
    "private": true,
    "scripts": {
      "build-all":"pnpm run --parallel -r build",
      "nx-build-all":"nx run-many --target=build",
      "lint": "node node_modules/prettier/bin-prettier --check \"**/*.{js,json,ts,yml,yaml}\"",
      "prepare": "husky install",
      "prettier": "node node_modules/prettier/bin-prettier --check '**/*.{js,json,ts,yml,yaml}'",
      "prettier:write": "node node_modules/prettier/bin-prettier --write \"**/*.{js,json,ts,yml,yaml}\""
    },
    "devDependencies": {
      "@commitlint/cli": "^16.0.1",
      "@commitlint/config-conventional": "^16.0.0",
      "@typescript-eslint/eslint-plugin": "^5.9.0",
      "@typescript-eslint/parser": "^5.9.0",
      "commitizen": "^4.2.4",
      "conventional-changelog-cli": "^2.2.2",
      "cz-conventional-changelog": "^3.3.0",
  		"eslint": "^8.28.0",
  		"eslint-config-prettier": "^8.5.0",
  		"eslint-plugin-svelte3": "^4.0.0",
      "eslint-plugin-prettier": "^4.2.1",
      "eslint-config-next": "13.1.5",
      "fbjs-scripts": "^3.0.1",
      "husky": "^7.0.4",
      "jest": "^27.4.7",
      "nx": "^15.8.8",
      "prettier": "^2.8.6",
      "prettier-plugin-svelte": "^2.9.0",
      "ts-jest": "^27.1.2",
      "typescript": "^4.5.4"
    },
    "config": {
      "commitizen": {
        "path": "./node_modules/cz-conventional-changelog"
      }
    },
    "dependencies": {
      "eslint-config-next": "^13.2.3",
      "eslint-config-prettier": "^8.7.0"
    }
  }
  ´

yarn manifest: 
  No manifest

Lockfile: 
  No lockfile
